<?xml version="1.0" encoding="utf-8"?><testsuites name="pytest tests"><testsuite name="pytest" errors="0" failures="0" skipped="3" tests="9" time="0.141" timestamp="2026-01-28T18:05:23.901636+05:30" hostname="Nanditha"><testcase classname="config.test_login" name="test_login" time="0.002" /><testcase classname="test_assertmsg" name="test_subtract" time="0.001" /><testcase classname="test_conditionalskip" name="test_linux_only" time="0.001"><skipped type="pytest.skip" message="Not supported on Windows">C:\Users\nandi\OneDrive\Desktop\Wipro_Training\Nanditha_wipro_Task1\Day_11\test_conditionalskip.py:4: Not supported on Windows</skipped></testcase><testcase classname="test_exception" name="test_divide_by_zero" time="0.001" /><testcase classname="test_simple" name="test_addition" time="0.001" /><testcase classname="test_simple" name="test_subtraction" time="0.000" /><testcase classname="test_skiptest" name="test_addition" time="0.001" /><testcase classname="test_skiptest" name="test_payment" time="0.001"><skipped type="pytest.skip" message="Feature not implemented yet">C:\Users\nandi\OneDrive\Desktop\Wipro_Training\Nanditha_wipro_Task1\Day_11\test_skiptest.py:4: Feature not implemented yet</skipped></testcase><testcase classname="test_xfile" name="test_known_issue" time="0.001"><skipped type="pytest.xfail" message="Known bug" /></testcase></testsuite></testsuites>